<?xml version="1.0" encoding="UTF-8"?>
<testng-results ignored="0" total="1" passed="1" failed="0" skipped="0">
  <reporter-output>
  </reporter-output>
  <suite started-at="2024-12-25T22:17:58 IST" name="Default suite" finished-at="2024-12-25T22:18:00 IST" duration-ms="2561">
    <groups>
    </groups>
    <test started-at="2024-12-25T22:17:58 IST" name="Default test" finished-at="2024-12-25T22:18:00 IST" duration-ms="2561">
      <class name="com.android.tests.AllureReportDemo">
        <test-method signature="demoTest()[pri:0, instance:com.android.tests.AllureReportDemo@33ecda92]" started-at="2024-12-25T22:17:58 IST" name="demoTest" finished-at="2024-12-25T22:18:00 IST" duration-ms="2455" status="PASS">
          <reporter-output>
          </reporter-output>
        </test-method> <!-- demoTest -->
      </class> <!-- com.android.tests.AllureReportDemo -->
    </test> <!-- Default test -->
  </suite> <!-- Default suite -->
</testng-results>
